# JRE version: Java(TM) SE Runtime Environment (8.0_221-b11) (build 1.8.0_221-b11)
# Java VM: Java HotSpot(TM) 64-Bit Server VM (25.221-b11 mixed mode windows-amd64 compressed oops)
Heap:
 PSYoungGen      total 315392K, used 245324K [0x00000000d5d00000, 0x00000000ece00000, 0x0000000100000000)
  eden space 297984K, 80% used [0x00000000d5d00000,0x00000000e4770c98,0x00000000e8000000)
  from space 17408K, 30% used [0x00000000e8000000,0x00000000e8522398,0x00000000e9100000)
  to   space 16896K, 0% used [0x00000000ebd80000,0x00000000ebd80000,0x00000000ece00000)
 ParOldGen       total 138240K, used 35913K [0x0000000081600000, 0x0000000089d00000, 0x00000000d5d00000)
  object space 138240K, 25% used [0x0000000081600000,0x0000000083912728,0x0000000089d00000)
 Metaspace       used 67008K, capacity 70660K, committed 70784K, reserved 1110016K
  class space    used 8958K, capacity 9570K, committed 9600K, reserved 1048576K
GC Heap History (10 events):
Event: 880.691 GC heap before
{Heap before GC invocations=22 (full 3):
 PSYoungGen      total 234496K, used 217713K [0x00000000d5d00000, 0x00000000e5680000, 0x0000000100000000)
  eden space 214528K, 99% used [0x00000000d5d00000,0x00000000e2c8e3b0,0x00000000e2e80000)
  from space 19968K, 25% used [0x00000000e4180000,0x00000000e468e3a8,0x00000000e5500000)
  to   space 19456K, 0% used [0x00000000e2e80000,0x00000000e2e80000,0x00000000e4180000)
 ParOldGen       total 138240K, used 35881K [0x0000000081600000, 0x0000000089d00000, 0x00000000d5d00000)
  object space 138240K, 25% used [0x0000000081600000,0x000000008390a728,0x0000000089d00000)
 Metaspace       used 66773K, capacity 70350K, committed 70528K, reserved 1110016K
  class space    used 8941K, capacity 9551K, committed 9600K, reserved 1048576K
Event: 880.696 GC heap after
Heap after GC invocations=22 (full 3):
 PSYoungGen      total 233984K, used 5216K [0x00000000d5d00000, 0x00000000e7b00000, 0x0000000100000000)
  eden space 214528K, 0% used [0x00000000d5d00000,0x00000000d5d00000,0x00000000e2e80000)
  from space 19456K, 26% used [0x00000000e2e80000,0x00000000e33983c8,0x00000000e4180000)
  to   space 18944K, 0% used [0x00000000e6880000,0x00000000e6880000,0x00000000e7b00000)
 ParOldGen       total 138240K, used 35881K [0x0000000081600000, 0x0000000089d00000, 0x00000000d5d00000)
  object space 138240K, 25% used [0x0000000081600000,0x000000008390a728,0x0000000089d00000)
 Metaspace       used 66773K, capacity 70350K, committed 70528K, reserved 1110016K
  class space    used 8941K, capacity 9551K, committed 9600K, reserved 1048576K
}
Event: 881.001 GC heap before
{Heap before GC invocations=23 (full 3):
 PSYoungGen      total 233984K, used 217959K [0x00000000d5d00000, 0x00000000e7b00000, 0x0000000100000000)
  eden space 214528K, 99% used [0x00000000d5d00000,0x00000000e2cc19c8,0x00000000e2e80000)
  from space 19456K, 26% used [0x00000000e2e80000,0x00000000e33983c8,0x00000000e4180000)
  to   space 18944K, 0% used [0x00000000e6880000,0x00000000e6880000,0x00000000e7b00000)
 ParOldGen       total 138240K, used 35881K [0x0000000081600000, 0x0000000089d00000, 0x00000000d5d00000)
  object space 138240K, 25% used [0x0000000081600000,0x000000008390a728,0x0000000089d00000)
 Metaspace       used 66773K, capacity 70350K, committed 70528K, reserved 1110016K
  class space    used 8941K, capacity 9551K, committed 9600K, reserved 1048576K
Event: 881.008 GC heap after
Heap after GC invocations=23 (full 3):
 PSYoungGen      total 274432K, used 5216K [0x00000000d5d00000, 0x00000000e7b80000, 0x0000000100000000)
  eden space 255488K, 0% used [0x00000000d5d00000,0x00000000d5d00000,0x00000000e5680000)
  from space 18944K, 27% used [0x00000000e6880000,0x00000000e6d983c8,0x00000000e7b00000)
  to   space 18432K, 0% used [0x00000000e5680000,0x00000000e5680000,0x00000000e6880000)
 ParOldGen       total 138240K, used 35889K [0x0000000081600000, 0x0000000089d00000, 0x00000000d5d00000)
  object space 138240K, 25% used [0x0000000081600000,0x000000008390c728,0x0000000089d00000)
 Metaspace       used 66773K, capacity 70350K, committed 70528K, reserved 1110016K
  class space    used 8941K, capacity 9551K, committed 9600K, reserved 1048576K
}
Event: 881.955 GC heap before
{Heap before GC invocations=24 (full 3):
 PSYoungGen      total 274432K, used 260110K [0x00000000d5d00000, 0x00000000e7b80000, 0x0000000100000000)
  eden space 255488K, 99% used [0x00000000d5d00000,0x00000000e55eb708,0x00000000e5680000)
  from space 18944K, 27% used [0x00000000e6880000,0x00000000e6d983c8,0x00000000e7b00000)
  to   space 18432K, 0% used [0x00000000e5680000,0x00000000e5680000,0x00000000e6880000)
 ParOldGen       total 138240K, used 35889K [0x0000000081600000, 0x0000000089d00000, 0x00000000d5d00000)
  object space 138240K, 25% used [0x0000000081600000,0x000000008390c728,0x0000000089d00000)
 Metaspace       used 66773K, capacity 70350K, committed 70528K, reserved 1110016K
  class space    used 8941K, capacity 9551K, committed 9600K, reserved 1048576K
Event: 881.961 GC heap after
Heap after GC invocations=24 (full 3):
 PSYoungGen      total 273920K, used 5312K [0x00000000d5d00000, 0x00000000ea580000, 0x0000000100000000)
  eden space 255488K, 0% used [0x00000000d5d00000,0x00000000d5d00000,0x00000000e5680000)
  from space 18432K, 28% used [0x00000000e5680000,0x00000000e5bb00b0,0x00000000e6880000)
  to   space 17920K, 0% used [0x00000000e9400000,0x00000000e9400000,0x00000000ea580000)
 ParOldGen       total 138240K, used 35897K [0x0000000081600000, 0x0000000089d00000, 0x00000000d5d00000)
  object space 138240K, 25% used [0x0000000081600000,0x000000008390e728,0x0000000089d00000)
 Metaspace       used 66773K, capacity 70350K, committed 70528K, reserved 1110016K
  class space    used 8941K, capacity 9551K, committed 9600K, reserved 1048576K
}
Event: 882.591 GC heap before
{Heap before GC invocations=25 (full 3):
 PSYoungGen      total 273920K, used 260199K [0x00000000d5d00000, 0x00000000ea580000, 0x0000000100000000)
  eden space 255488K, 99% used [0x00000000d5d00000,0x00000000e55e9c60,0x00000000e5680000)
  from space 18432K, 28% used [0x00000000e5680000,0x00000000e5bb00b0,0x00000000e6880000)
  to   space 17920K, 0% used [0x00000000e9400000,0x00000000e9400000,0x00000000ea580000)
 ParOldGen       total 138240K, used 35897K [0x0000000081600000, 0x0000000089d00000, 0x00000000d5d00000)
  object space 138240K, 25% used [0x0000000081600000,0x000000008390e728,0x0000000089d00000)
 Metaspace       used 66773K, capacity 70350K, committed 70528K, reserved 1110016K
  class space    used 8941K, capacity 9551K, committed 9600K, reserved 1048576K
Event: 882.597 GC heap after
Heap after GC invocations=25 (full 3):
 PSYoungGen      total 312320K, used 5288K [0x00000000d5d00000, 0x00000000ea200000, 0x0000000100000000)
  eden space 297984K, 0% used [0x00000000d5d00000,0x00000000d5d00000,0x00000000e8000000)
  from space 14336K, 36% used [0x00000000e9400000,0x00000000e992a040,0x00000000ea200000)
  to   space 17408K, 0% used [0x00000000e8000000,0x00000000e8000000,0x00000000e9100000)
 ParOldGen       total 138240K, used 35905K [0x0000000081600000, 0x0000000089d00000, 0x00000000d5d00000)
  object space 138240K, 25% used [0x0000000081600000,0x0000000083910728,0x0000000089d00000)
 Metaspace       used 66773K, capacity 70350K, committed 70528K, reserved 1110016K
  class space    used 8941K, capacity 9551K, committed 9600K, reserved 1048576K
}
Event: 883.267 GC heap before
{Heap before GC invocations=26 (full 3):
 PSYoungGen      total 312320K, used 301989K [0x00000000d5d00000, 0x00000000ea200000, 0x0000000100000000)
  eden space 297984K, 99% used [0x00000000d5d00000,0x00000000e7ebf638,0x00000000e8000000)
  from space 14336K, 36% used [0x00000000e9400000,0x00000000e992a040,0x00000000ea200000)
  to   space 17408K, 0% used [0x00000000e8000000,0x00000000e8000000,0x00000000e9100000)
 ParOldGen       total 138240K, used 35905K [0x0000000081600000, 0x0000000089d00000, 0x00000000d5d00000)
  object space 138240K, 25% used [0x0000000081600000,0x0000000083910728,0x0000000089d00000)
 Metaspace       used 66773K, capacity 70350K, committed 70528K, reserved 1110016K
  class space    used 8941K, capacity 9551K, committed 9600K, reserved 1048576K
Event: 883.273 GC heap after
Heap after GC invocations=26 (full 3):
 PSYoungGen      total 315392K, used 5256K [0x00000000d5d00000, 0x00000000ece00000, 0x0000000100000000)
  eden space 297984K, 0% used [0x00000000d5d00000,0x00000000d5d00000,0x00000000e8000000)
  from space 17408K, 30% used [0x00000000e8000000,0x00000000e8522398,0x00000000e9100000)
  to   space 16896K, 0% used [0x00000000ebd80000,0x00000000ebd80000,0x00000000ece00000)
 ParOldGen       total 138240K, used 35913K [0x0000000081600000, 0x0000000089d00000, 0x00000000d5d00000)
  object space 138240K, 25% used [0x0000000081600000,0x0000000083912728,0x0000000089d00000)
 Metaspace       used 66773K, capacity 70350K, committed 70528K, reserved 1110016K
  class space    used 8941K, capacity 9551K, committed 9600K, reserved 1048576K
}

