# JRE version: Java(TM) SE Runtime Environment (8.0_221-b11) (build 1.8.0_221-b11)
# Java VM: Java HotSpot(TM) 64-Bit Server VM (25.221-b11 mixed mode windows-amd64 compressed oops)
Heap:
 PSYoungGen      total 322048K, used 246576K [0x00000000d5d00000, 0x00000000eaa00000, 0x0000000100000000)
  eden space 304128K, 81% used [0x00000000d5d00000,0x00000000e4dcc118,0x00000000e8600000)
  from space 17920K, 0% used [0x00000000e9880000,0x00000000e9880000,0x00000000eaa00000)
  to   space 18432K, 0% used [0x00000000e8600000,0x00000000e8600000,0x00000000e9800000)
 ParOldGen       total 120832K, used 36814K [0x0000000081600000, 0x0000000088c00000, 0x00000000d5d00000)
  object space 120832K, 30% used [0x0000000081600000,0x00000000839f3af0,0x0000000088c00000)
 Metaspace       used 67238K, capacity 70824K, committed 71040K, reserved 1110016K
  class space    used 8967K, capacity 9564K, committed 9600K, reserved 1048576K
GC Heap History (10 events):
Event: 5.858 GC heap before
{Heap before GC invocations=11 (full 2):
 PSYoungGen      total 177664K, used 162304K [0x00000000d5d00000, 0x00000000e3400000, 0x0000000100000000)
  eden space 162304K, 100% used [0x00000000d5d00000,0x00000000dfb80000,0x00000000dfb80000)
  from space 15360K, 0% used [0x00000000e0a80000,0x00000000e0a80000,0x00000000e1980000)
  to   space 15360K, 0% used [0x00000000dfb80000,0x00000000dfb80000,0x00000000e0a80000)
 ParOldGen       total 79872K, used 17665K [0x0000000081600000, 0x0000000086400000, 0x00000000d5d00000)
  object space 79872K, 22% used [0x0000000081600000,0x0000000082740458,0x0000000086400000)
 Metaspace       used 45235K, capacity 46648K, committed 46848K, reserved 1089536K
  class space    used 6248K, capacity 6562K, committed 6656K, reserved 1048576K
Event: 5.870 GC heap after
Heap after GC invocations=11 (full 2):
 PSYoungGen      total 177664K, used 14529K [0x00000000d5d00000, 0x00000000e6100000, 0x0000000100000000)
  eden space 162304K, 0% used [0x00000000d5d00000,0x00000000d5d00000,0x00000000dfb80000)
  from space 15360K, 94% used [0x00000000dfb80000,0x00000000e09b0688,0x00000000e0a80000)
  to   space 17408K, 0% used [0x00000000e5000000,0x00000000e5000000,0x00000000e6100000)
 ParOldGen       total 79872K, used 17681K [0x0000000081600000, 0x0000000086400000, 0x00000000d5d00000)
  object space 79872K, 22% used [0x0000000081600000,0x0000000082744458,0x0000000086400000)
 Metaspace       used 45235K, capacity 46648K, committed 46848K, reserved 1089536K
  class space    used 6248K, capacity 6562K, committed 6656K, reserved 1048576K
}
Event: 8.957 GC heap before
{Heap before GC invocations=12 (full 2):
 PSYoungGen      total 177664K, used 176833K [0x00000000d5d00000, 0x00000000e6100000, 0x0000000100000000)
  eden space 162304K, 100% used [0x00000000d5d00000,0x00000000dfb80000,0x00000000dfb80000)
  from space 15360K, 94% used [0x00000000dfb80000,0x00000000e09b0688,0x00000000e0a80000)
  to   space 17408K, 0% used [0x00000000e5000000,0x00000000e5000000,0x00000000e6100000)
 ParOldGen       total 79872K, used 17681K [0x0000000081600000, 0x0000000086400000, 0x00000000d5d00000)
  object space 79872K, 22% used [0x0000000081600000,0x0000000082744458,0x0000000086400000)
 Metaspace       used 52542K, capacity 54878K, committed 55040K, reserved 1097728K
  class space    used 7230K, capacity 7651K, committed 7680K, reserved 1048576K
Event: 8.968 GC heap after
Heap after GC invocations=12 (full 2):
 PSYoungGen      total 241152K, used 15753K [0x00000000d5d00000, 0x00000000e5f80000, 0x0000000100000000)
  eden space 225280K, 0% used [0x00000000d5d00000,0x00000000d5d00000,0x00000000e3900000)
  from space 15872K, 99% used [0x00000000e5000000,0x00000000e5f625d8,0x00000000e5f80000)
  to   space 18944K, 0% used [0x00000000e3a80000,0x00000000e3a80000,0x00000000e4d00000)
 ParOldGen       total 79872K, used 17689K [0x0000000081600000, 0x0000000086400000, 0x00000000d5d00000)
  object space 79872K, 22% used [0x0000000081600000,0x0000000082746458,0x0000000086400000)
 Metaspace       used 52542K, capacity 54878K, committed 55040K, reserved 1097728K
  class space    used 7230K, capacity 7651K, committed 7680K, reserved 1048576K
}
Event: 10.873 GC heap before
{Heap before GC invocations=13 (full 2):
 PSYoungGen      total 241152K, used 241033K [0x00000000d5d00000, 0x00000000e5f80000, 0x0000000100000000)
  eden space 225280K, 100% used [0x00000000d5d00000,0x00000000e3900000,0x00000000e3900000)
  from space 15872K, 99% used [0x00000000e5000000,0x00000000e5f625d8,0x00000000e5f80000)
  to   space 18944K, 0% used [0x00000000e3a80000,0x00000000e3a80000,0x00000000e4d00000)
 ParOldGen       total 79872K, used 17689K [0x0000000081600000, 0x0000000086400000, 0x00000000d5d00000)
  object space 79872K, 22% used [0x0000000081600000,0x0000000082746458,0x0000000086400000)
 Metaspace       used 54804K, capacity 57400K, committed 57600K, reserved 1099776K
  class space    used 7378K, capacity 7842K, committed 7936K, reserved 1048576K
Event: 10.883 GC heap after
Heap after GC invocations=13 (full 2):
 PSYoungGen      total 245760K, used 7136K [0x00000000d5d00000, 0x00000000eaa80000, 0x0000000100000000)
  eden space 226816K, 0% used [0x00000000d5d00000,0x00000000d5d00000,0x00000000e3a80000)
  from space 18944K, 37% used [0x00000000e3a80000,0x00000000e4178000,0x00000000e4d00000)
  to   space 18432K, 0% used [0x00000000e9880000,0x00000000e9880000,0x00000000eaa80000)
 ParOldGen       total 79872K, used 27985K [0x0000000081600000, 0x0000000086400000, 0x00000000d5d00000)
  object space 79872K, 35% used [0x0000000081600000,0x0000000083154468,0x0000000086400000)
 Metaspace       used 54804K, capacity 57400K, committed 57600K, reserved 1099776K
  class space    used 7378K, capacity 7842K, committed 7936K, reserved 1048576K
}
Event: 11.581 GC heap before
{Heap before GC invocations=14 (full 2):
 PSYoungGen      total 245760K, used 98456K [0x00000000d5d00000, 0x00000000eaa80000, 0x0000000100000000)
  eden space 226816K, 40% used [0x00000000d5d00000,0x00000000db62e098,0x00000000e3a80000)
  from space 18944K, 37% used [0x00000000e3a80000,0x00000000e4178000,0x00000000e4d00000)
  to   space 18432K, 0% used [0x00000000e9880000,0x00000000e9880000,0x00000000eaa80000)
 ParOldGen       total 79872K, used 27985K [0x0000000081600000, 0x0000000086400000, 0x00000000d5d00000)
  object space 79872K, 35% used [0x0000000081600000,0x0000000083154468,0x0000000086400000)
 Metaspace       used 56446K, capacity 59090K, committed 59160K, reserved 1099776K
  class space    used 7574K, capacity 8047K, committed 8064K, reserved 1048576K
Event: 11.594 GC heap after
Heap after GC invocations=14 (full 2):
 PSYoungGen      total 322048K, used 3811K [0x00000000d5d00000, 0x00000000eaa00000, 0x0000000100000000)
  eden space 304128K, 0% used [0x00000000d5d00000,0x00000000d5d00000,0x00000000e8600000)
  from space 17920K, 21% used [0x00000000e9880000,0x00000000e9c38d10,0x00000000eaa00000)
  to   space 18432K, 0% used [0x00000000e8600000,0x00000000e8600000,0x00000000e9800000)
 ParOldGen       total 79872K, used 34697K [0x0000000081600000, 0x0000000086400000, 0x00000000d5d00000)
  object space 79872K, 43% used [0x0000000081600000,0x00000000837e24a8,0x0000000086400000)
 Metaspace       used 56446K, capacity 59090K, committed 59160K, reserved 1099776K
  class space    used 7574K, capacity 8047K, committed 8064K, reserved 1048576K
}
Event: 11.594 GC heap before
{Heap before GC invocations=15 (full 3):
 PSYoungGen      total 322048K, used 3811K [0x00000000d5d00000, 0x00000000eaa00000, 0x0000000100000000)
  eden space 304128K, 0% used [0x00000000d5d00000,0x00000000d5d00000,0x00000000e8600000)
  from space 17920K, 21% used [0x00000000e9880000,0x00000000e9c38d10,0x00000000eaa00000)
  to   space 18432K, 0% used [0x00000000e8600000,0x00000000e8600000,0x00000000e9800000)
 ParOldGen       total 79872K, used 34697K [0x0000000081600000, 0x0000000086400000, 0x00000000d5d00000)
  object space 79872K, 43% used [0x0000000081600000,0x00000000837e24a8,0x0000000086400000)
 Metaspace       used 56446K, capacity 59090K, committed 59160K, reserved 1099776K
  class space    used 7574K, capacity 8047K, committed 8064K, reserved 1048576K
Event: 11.974 GC heap after
Heap after GC invocations=15 (full 3):
 PSYoungGen      total 322048K, used 0K [0x00000000d5d00000, 0x00000000eaa00000, 0x0000000100000000)
  eden space 304128K, 0% used [0x00000000d5d00000,0x00000000d5d00000,0x00000000e8600000)
  from space 17920K, 0% used [0x00000000e9880000,0x00000000e9880000,0x00000000eaa00000)
  to   space 18432K, 0% used [0x00000000e8600000,0x00000000e8600000,0x00000000e9800000)
 ParOldGen       total 120832K, used 36814K [0x0000000081600000, 0x0000000088c00000, 0x00000000d5d00000)
  object space 120832K, 30% used [0x0000000081600000,0x00000000839f3af0,0x0000000088c00000)
 Metaspace       used 56446K, capacity 59090K, committed 59160K, reserved 1099776K
  class space    used 7574K, capacity 8047K, committed 8064K, reserved 1048576K
}

